<?xml version="1.0" encoding="UTF-8"?>
<testng-results skipped="0" failed="0" ignored="0" total="1" passed="1">
  <reporter-output>
  </reporter-output>
  <suite name="Surefire suite" duration-ms="1437" started-at="2019-12-25T22:35:48 EST" finished-at="2019-12-25T22:35:50 EST">
    <groups>
    </groups>
    <test name="Surefire test" duration-ms="1437" started-at="2019-12-25T22:35:48 EST" finished-at="2019-12-25T22:35:50 EST">
      <class name="Simple_RESTAssured_Test.TC006_GET_BasicAuthenticationTest">
        <test-method status="PASS" signature="getAuthenticationTest()[pri:0, instance:Simple_RESTAssured_Test.TC006_GET_BasicAuthenticationTest@553f17c]" name="getAuthenticationTest" duration-ms="1421" started-at="2019-12-25T22:35:48 EST" finished-at="2019-12-25T22:35:50 EST">
          <reporter-output>
          </reporter-output>
        </test-method> <!-- getAuthenticationTest -->
      </class> <!-- Simple_RESTAssured_Test.TC006_GET_BasicAuthenticationTest -->
    </test> <!-- Surefire test -->
  </suite> <!-- Surefire suite -->
</testng-results>
